<?xml version="1.0" encoding="UTF-8"?>
<testng-results ignored="0" total="1" passed="1" failed="0" skipped="0">
  <reporter-output>
  </reporter-output>
  <suite started-at="2024-08-19T12:13:12 IST" name="Default suite" finished-at="2024-08-19T12:13:19 IST" duration-ms="6511">
    <groups>
    </groups>
    <test started-at="2024-08-19T12:13:12 IST" name="Default test" finished-at="2024-08-19T12:13:19 IST" duration-ms="6511">
      <class name="day2.DiffWaysToCreatePostRequestBody">
        <test-method signature="CreateUser()[pri:0, instance:day2.DiffWaysToCreatePostRequestBody@59fd97a8]" started-at="2024-08-19T12:13:12 IST" name="CreateUser" finished-at="2024-08-19T12:13:19 IST" duration-ms="6419" status="PASS">
          <reporter-output>
          </reporter-output>
        </test-method> <!-- CreateUser -->
      </class> <!-- day2.DiffWaysToCreatePostRequestBody -->
    </test> <!-- Default test -->
  </suite> <!-- Default suite -->
</testng-results>
