<?xml version="1.0" encoding="UTF-8"?>
<testng-results ignored="0" total="1" passed="1" failed="0" skipped="0">
  <reporter-output>
  </reporter-output>
  <suite started-at="2024-08-17T20:28:39 IST" name="Default suite" finished-at="2024-08-17T20:28:47 IST" duration-ms="8380">
    <groups>
    </groups>
    <test started-at="2024-08-17T20:28:39 IST" name="Default test" finished-at="2024-08-17T20:28:47 IST" duration-ms="8380">
      <class name="day1.HTTPRequests">
        <test-method signature="getUsers()[pri:0, instance:day1.HTTPRequests@59fd97a8]" started-at="2024-08-17T20:28:39 IST" name="getUsers" finished-at="2024-08-17T20:28:47 IST" duration-ms="8260" status="PASS">
          <reporter-output>
          </reporter-output>
        </test-method> <!-- getUsers -->
      </class> <!-- day1.HTTPRequests -->
    </test> <!-- Default test -->
  </suite> <!-- Default suite -->
</testng-results>
